# JRE version: Java(TM) SE Runtime Environment (8.0_181-b13) (build 1.8.0_181-b13)
# Java VM: Java HotSpot(TM) 64-Bit Server VM (25.181-b13 mixed mode windows-amd64 compressed oops)
Heap:
 PSYoungGen      total 238080K, used 14014K [0x00000000d5f80000, 0x00000000e5d80000, 0x0000000100000000)
  eden space 216064K, 3% used [0x00000000d5f80000,0x00000000d67dfab0,0x00000000e3280000)
  from space 22016K, 24% used [0x00000000e3280000,0x00000000e37d0000,0x00000000e4800000)
  to   space 17408K, 0% used [0x00000000e4c80000,0x00000000e4c80000,0x00000000e5d80000)
 ParOldGen       total 165376K, used 91618K [0x0000000081e00000, 0x000000008bf80000, 0x00000000d5f80000)
  object space 165376K, 55% used [0x0000000081e00000,0x0000000087778970,0x000000008bf80000)
 Metaspace       used 58260K, capacity 60054K, committed 60120K, reserved 1101824K
  class space    used 7961K, capacity 8436K, committed 8448K, reserved 1048576K
GC Heap History (10 events):
Event: 10.492 GC heap before
{Heap before GC invocations=14 (full 2):
 PSYoungGen      total 200192K, used 187731K [0x00000000d5f80000, 0x00000000e6200000, 0x0000000100000000)
  eden space 182784K, 93% used [0x00000000d5f80000,0x00000000e05d8da8,0x00000000e1200000)
  from space 17408K, 99% used [0x00000000e1200000,0x00000000e22fc220,0x00000000e2300000)
  to   space 22016K, 0% used [0x00000000e4c80000,0x00000000e4c80000,0x00000000e6200000)
 ParOldGen       total 98816K, used 30569K [0x0000000081e00000, 0x0000000087e80000, 0x00000000d5f80000)
  object space 98816K, 30% used [0x0000000081e00000,0x0000000083bda4c8,0x0000000087e80000)
 Metaspace       used 57078K, capacity 58876K, committed 58968K, reserved 1099776K
  class space    used 7796K, capacity 8277K, committed 8320K, reserved 1048576K
Event: 10.507 GC heap after
Heap after GC invocations=14 (full 2):
 PSYoungGen      total 233472K, used 13125K [0x00000000d5f80000, 0x00000000e5d80000, 0x0000000100000000)
  eden space 216064K, 0% used [0x00000000d5f80000,0x00000000d5f80000,0x00000000e3280000)
  from space 17408K, 75% used [0x00000000e4c80000,0x00000000e59516e0,0x00000000e5d80000)
  to   space 22016K, 0% used [0x00000000e3280000,0x00000000e3280000,0x00000000e4800000)
 ParOldGen       total 98816K, used 42458K [0x0000000081e00000, 0x0000000087e80000, 0x00000000d5f80000)
  object space 98816K, 42% used [0x0000000081e00000,0x00000000847769c8,0x0000000087e80000)
 Metaspace       used 57078K, capacity 58876K, committed 58968K, reserved 1099776K
  class space    used 7796K, capacity 8277K, committed 8320K, reserved 1048576K
}
Event: 10.507 GC heap before
{Heap before GC invocations=15 (full 3):
 PSYoungGen      total 233472K, used 13125K [0x00000000d5f80000, 0x00000000e5d80000, 0x0000000100000000)
  eden space 216064K, 0% used [0x00000000d5f80000,0x00000000d5f80000,0x00000000e3280000)
  from space 17408K, 75% used [0x00000000e4c80000,0x00000000e59516e0,0x00000000e5d80000)
  to   space 22016K, 0% used [0x00000000e3280000,0x00000000e3280000,0x00000000e4800000)
 ParOldGen       total 98816K, used 42458K [0x0000000081e00000, 0x0000000087e80000, 0x00000000d5f80000)
  object space 98816K, 42% used [0x0000000081e00000,0x00000000847769c8,0x0000000087e80000)
 Metaspace       used 57078K, capacity 58876K, committed 58968K, reserved 1099776K
  class space    used 7796K, capacity 8277K, committed 8320K, reserved 1048576K
Event: 10.746 GC heap after
Heap after GC invocations=15 (full 3):
 PSYoungGen      total 233472K, used 0K [0x00000000d5f80000, 0x00000000e5d80000, 0x0000000100000000)
  eden space 216064K, 0% used [0x00000000d5f80000,0x00000000d5f80000,0x00000000e3280000)
  from space 17408K, 0% used [0x00000000e4c80000,0x00000000e4c80000,0x00000000e5d80000)
  to   space 22016K, 0% used [0x00000000e3280000,0x00000000e3280000,0x00000000e4800000)
 ParOldGen       total 165376K, used 49323K [0x0000000081e00000, 0x000000008bf80000, 0x00000000d5f80000)
  object space 165376K, 29% used [0x0000000081e00000,0x0000000084e2ac10,0x000000008bf80000)
 Metaspace       used 57076K, capacity 58870K, committed 58968K, reserved 1099776K
  class space    used 7795K, capacity 8276K, committed 8320K, reserved 1048576K
}
Event: 11.278 GC heap before
{Heap before GC invocations=16 (full 3):
 PSYoungGen      total 233472K, used 216064K [0x00000000d5f80000, 0x00000000e5d80000, 0x0000000100000000)
  eden space 216064K, 100% used [0x00000000d5f80000,0x00000000e3280000,0x00000000e3280000)
  from space 17408K, 0% used [0x00000000e4c80000,0x00000000e4c80000,0x00000000e5d80000)
  to   space 22016K, 0% used [0x00000000e3280000,0x00000000e3280000,0x00000000e4800000)
 ParOldGen       total 165376K, used 49323K [0x0000000081e00000, 0x000000008bf80000, 0x00000000d5f80000)
  object space 165376K, 29% used [0x0000000081e00000,0x0000000084e2ac10,0x000000008bf80000)
 Metaspace       used 58084K, capacity 59926K, committed 60120K, reserved 1101824K
  class space    used 7944K, capacity 8436K, committed 8448K, reserved 1048576K
Event: 11.298 GC heap after
Heap after GC invocations=16 (full 3):
 PSYoungGen      total 238080K, used 22016K [0x00000000d5f80000, 0x00000000e5d80000, 0x0000000100000000)
  eden space 216064K, 0% used [0x00000000d5f80000,0x00000000d5f80000,0x00000000e3280000)
  from space 22016K, 100% used [0x00000000e3280000,0x00000000e4800000,0x00000000e4800000)
  to   space 17408K, 0% used [0x00000000e4c80000,0x00000000e4c80000,0x00000000e5d80000)
 ParOldGen       total 165376K, used 67255K [0x0000000081e00000, 0x000000008bf80000, 0x00000000d5f80000)
  object space 165376K, 40% used [0x0000000081e00000,0x0000000085fadef8,0x000000008bf80000)
 Metaspace       used 58084K, capacity 59926K, committed 60120K, reserved 1101824K
  class space    used 7944K, capacity 8436K, committed 8448K, reserved 1048576K
}
Event: 11.474 GC heap before
{Heap before GC invocations=17 (full 3):
 PSYoungGen      total 238080K, used 238080K [0x00000000d5f80000, 0x00000000e5d80000, 0x0000000100000000)
  eden space 216064K, 100% used [0x00000000d5f80000,0x00000000e3280000,0x00000000e3280000)
  from space 22016K, 100% used [0x00000000e3280000,0x00000000e4800000,0x00000000e4800000)
  to   space 17408K, 0% used [0x00000000e4c80000,0x00000000e4c80000,0x00000000e5d80000)
 ParOldGen       total 165376K, used 67255K [0x0000000081e00000, 0x000000008bf80000, 0x00000000d5f80000)
  object space 165376K, 40% used [0x0000000081e00000,0x0000000085fadef8,0x000000008bf80000)
 Metaspace       used 58093K, capacity 59926K, committed 60120K, reserved 1101824K
  class space    used 7944K, capacity 8436K, committed 8448K, reserved 1048576K
Event: 11.491 GC heap after
Heap after GC invocations=17 (full 3):
 PSYoungGen      total 233472K, used 17408K [0x00000000d5f80000, 0x00000000e5d80000, 0x0000000100000000)
  eden space 216064K, 0% used [0x00000000d5f80000,0x00000000d5f80000,0x00000000e3280000)
  from space 17408K, 100% used [0x00000000e4c80000,0x00000000e5d80000,0x00000000e5d80000)
  to   space 22016K, 0% used [0x00000000e3280000,0x00000000e3280000,0x00000000e4800000)
 ParOldGen       total 165376K, used 74639K [0x0000000081e00000, 0x000000008bf80000, 0x00000000d5f80000)
  object space 165376K, 45% used [0x0000000081e00000,0x00000000866e3ef8,0x000000008bf80000)
 Metaspace       used 58093K, capacity 59926K, committed 60120K, reserved 1101824K
  class space    used 7944K, capacity 8436K, committed 8448K, reserved 1048576K
}
Event: 11.792 GC heap before
{Heap before GC invocations=18 (full 3):
 PSYoungGen      total 233472K, used 233472K [0x00000000d5f80000, 0x00000000e5d80000, 0x0000000100000000)
  eden space 216064K, 100% used [0x00000000d5f80000,0x00000000e3280000,0x00000000e3280000)
  from space 17408K, 100% used [0x00000000e4c80000,0x00000000e5d80000,0x00000000e5d80000)
  to   space 22016K, 0% used [0x00000000e3280000,0x00000000e3280000,0x00000000e4800000)
 ParOldGen       total 165376K, used 74639K [0x0000000081e00000, 0x000000008bf80000, 0x00000000d5f80000)
  object space 165376K, 45% used [0x0000000081e00000,0x00000000866e3ef8,0x000000008bf80000)
 Metaspace       used 58233K, capacity 60054K, committed 60120K, reserved 1101824K
  class space    used 7958K, capacity 8436K, committed 8448K, reserved 1048576K
Event: 11.808 GC heap after
Heap after GC invocations=18 (full 3):
 PSYoungGen      total 238080K, used 5440K [0x00000000d5f80000, 0x00000000e5d80000, 0x0000000100000000)
  eden space 216064K, 0% used [0x00000000d5f80000,0x00000000d5f80000,0x00000000e3280000)
  from space 22016K, 24% used [0x00000000e3280000,0x00000000e37d0000,0x00000000e4800000)
  to   space 17408K, 0% used [0x00000000e4c80000,0x00000000e4c80000,0x00000000e5d80000)
 ParOldGen       total 165376K, used 91618K [0x0000000081e00000, 0x000000008bf80000, 0x00000000d5f80000)
  object space 165376K, 55% used [0x0000000081e00000,0x0000000087778970,0x000000008bf80000)
 Metaspace       used 58233K, capacity 60054K, committed 60120K, reserved 1101824K
  class space    used 7958K, capacity 8436K, committed 8448K, reserved 1048576K
}

